2022-01-16 16:53:26 - Starting C:\Program Files\nodejs\node.exe  --harmony --max_old_space_size=4096 D:\vids\Repository\Python\stinky-toolbox\server\node_modules\node-windows\lib\wrapper.js --file D:\vids\Repository\Python\stinky-toolbox\server\server.js --scriptoptions= --log "server wrapper" --grow 0.25 --wait 1 --maxrestarts 3 --abortonerror n --stopparentfirst undefined
2022-01-16 16:53:26 - Started 3780
2022-01-16 16:55:26 - Stopping server.exe
2022-01-16 16:55:26 - ProcessKill 3780
2022-01-16 16:55:26 - Shutdown exception
Message:A system shutdown is in progress.

Stacktrace:   at System.Runtime.InteropServices.Marshal.ThrowExceptionForHRInternal(Int32 errorCode, IntPtr errorInfo)
   at System.Management.ManagementScope.InitializeGuts(Object o)
   at System.Management.ManagementScope.Initialize()
   at System.Management.ManagementObjectSearcher.Initialize()
   at System.Management.ManagementObjectSearcher.Get()
   at winsw.WrapperService.GetChildPids(Int32 pid)
   at winsw.WrapperService.StopProcessAndChildren(Int32 pid)
   at winsw.WrapperService.StopIt()
   at winsw.WrapperService.OnShutdown()
2022-01-16 16:57:30 - Starting C:\Program Files\nodejs\node.exe  --harmony --max_old_space_size=4096 D:\vids\Repository\Python\stinky-toolbox\server\node_modules\node-windows\lib\wrapper.js --file D:\vids\Repository\Python\stinky-toolbox\server\server.js --scriptoptions= --log "server wrapper" --grow 0.25 --wait 1 --maxrestarts 3 --abortonerror n --stopparentfirst undefined
2022-01-16 16:57:30 - Started 7432
2022-01-16 20:17:35 - Stopping server.exe
2022-01-16 20:17:35 - ProcessKill 7432
2022-01-16 20:17:35 - Shutdown exception
Message:A system shutdown is in progress.

Stacktrace:   at System.Runtime.InteropServices.Marshal.ThrowExceptionForHRInternal(Int32 errorCode, IntPtr errorInfo)
   at System.Management.ManagementScope.InitializeGuts(Object o)
   at System.Management.ManagementScope.Initialize()
   at System.Management.ManagementObjectSearcher.Initialize()
   at System.Management.ManagementObjectSearcher.Get()
   at winsw.WrapperService.GetChildPids(Int32 pid)
   at winsw.WrapperService.StopProcessAndChildren(Int32 pid)
   at winsw.WrapperService.StopIt()
   at winsw.WrapperService.OnShutdown()
2022-01-16 20:18:55 - Starting C:\Program Files\nodejs\node.exe  --harmony --max_old_space_size=4096 D:\vids\Repository\Python\stinky-toolbox\server\node_modules\node-windows\lib\wrapper.js --file D:\vids\Repository\Python\stinky-toolbox\server\server.js --scriptoptions= --log "server wrapper" --grow 0.25 --wait 1 --maxrestarts 3 --abortonerror n --stopparentfirst undefined
2022-01-16 20:18:55 - Started 6440
2022-01-16 20:20:39 - Stopping server.exe
2022-01-16 20:20:39 - ProcessKill 6440
2022-01-16 20:20:40 - Shutdown exception
Message:A system shutdown is in progress.

Stacktrace:   at System.Runtime.InteropServices.Marshal.ThrowExceptionForHRInternal(Int32 errorCode, IntPtr errorInfo)
   at System.Management.ManagementScope.InitializeGuts(Object o)
   at System.Management.ManagementScope.Initialize()
   at System.Management.ManagementObjectSearcher.Initialize()
   at System.Management.ManagementObjectSearcher.Get()
   at winsw.WrapperService.GetChildPids(Int32 pid)
   at winsw.WrapperService.StopProcessAndChildren(Int32 pid)
   at winsw.WrapperService.StopIt()
   at winsw.WrapperService.OnShutdown()
2022-01-16 20:22:37 - Starting C:\Program Files\nodejs\node.exe  --harmony --max_old_space_size=4096 D:\vids\Repository\Python\stinky-toolbox\server\node_modules\node-windows\lib\wrapper.js --file D:\vids\Repository\Python\stinky-toolbox\server\server.js --scriptoptions= --log "server wrapper" --grow 0.25 --wait 1 --maxrestarts 3 --abortonerror n --stopparentfirst undefined
2022-01-16 20:22:37 - Started 7160
2022-01-16 20:29:17 - Stopping server.exe
2022-01-16 20:29:17 - ProcessKill 7160
2022-01-16 20:29:18 - Shutdown exception
Message:A system shutdown is in progress.

Stacktrace:   at System.Runtime.InteropServices.Marshal.ThrowExceptionForHRInternal(Int32 errorCode, IntPtr errorInfo)
   at System.Management.ManagementScope.InitializeGuts(Object o)
   at System.Management.ManagementScope.Initialize()
   at System.Management.ManagementObjectSearcher.Initialize()
   at System.Management.ManagementObjectSearcher.Get()
   at winsw.WrapperService.GetChildPids(Int32 pid)
   at winsw.WrapperService.StopProcessAndChildren(Int32 pid)
   at winsw.WrapperService.StopIt()
   at winsw.WrapperService.OnShutdown()
2022-01-16 20:30:12 - Starting C:\Program Files\nodejs\node.exe  --harmony --max_old_space_size=4096 D:\vids\Repository\Python\stinky-toolbox\server\node_modules\node-windows\lib\wrapper.js --file D:\vids\Repository\Python\stinky-toolbox\server\server.js --scriptoptions= --log "server wrapper" --grow 0.25 --wait 1 --maxrestarts 3 --abortonerror n --stopparentfirst undefined
2022-01-16 20:30:12 - Started 7076
2022-01-16 20:30:47 - Stopping server.exe
2022-01-16 20:30:47 - ProcessKill 7076
2022-01-16 20:30:47 - Found child process: 7108 Name: conhost.exe
2022-01-16 20:30:47 - Found child process: 7492 Name: node.exe
2022-01-16 20:30:47 - Stopping process 7108
2022-01-16 20:30:47 - Send SIGINT 7108
2022-01-16 20:30:47 - SIGINT to 7108 failed - Killing as fallback
2022-01-16 20:30:47 - Stopping process 7492
2022-01-16 20:30:47 - Send SIGINT 7492
2022-01-16 20:30:47 - SIGINT to 7492 failed - Killing as fallback
2022-01-16 20:30:47 - Stopping process 7076
2022-01-16 20:30:47 - Send SIGINT 7076
2022-01-16 20:30:47 - SIGINT to 7076 failed - Killing as fallback
2022-01-16 20:30:47 - Finished server.exe
2022-01-17 17:30:55 - Starting C:\Program Files\nodejs\node.exe  --harmony --max_old_space_size=4096 D:\vids\Repository\Python\stinky-toolbox\server\node_modules\node-windows\lib\wrapper.js --file D:\vids\Repository\Python\stinky-toolbox\server\server.js --scriptoptions= --log "server wrapper" --grow 0.25 --wait 1 --maxrestarts 3 --abortonerror n --stopparentfirst undefined
2022-01-17 17:30:55 - Started 7124
2022-01-17 17:39:48 - Stopping server.exe
2022-01-17 17:39:48 - ProcessKill 7124
2022-01-17 17:39:48 - Found child process: 7148 Name: conhost.exe
2022-01-17 17:39:48 - Found child process: 7616 Name: node.exe
2022-01-17 17:39:48 - Stopping process 7148
2022-01-17 17:39:48 - Send SIGINT 7148
2022-01-17 17:39:48 - SIGINT to 7148 failed - Killing as fallback
2022-01-17 17:39:48 - Stopping process 7616
2022-01-17 17:39:48 - Send SIGINT 7616
2022-01-17 17:39:48 - SIGINT to 7616 failed - Killing as fallback
2022-01-17 17:39:48 - Stopping process 7124
2022-01-17 17:39:48 - Send SIGINT 7124
2022-01-17 17:39:48 - SIGINT to 7124 failed - Killing as fallback
2022-01-17 17:39:48 - Finished server.exe
